<?xml version="1.0" encoding="UTF-8"?>
<!-- Generated by org.testng.reporters.JUnitReportReporter -->
<testsuite hostname="SURAJARMAN" failures="0" tests="1" name="com.acttime.testscript.CustomerModule" time="12.178" errors="0" timestamp="2022-08-26T18:12:25 IST" skipped="0">
  <testcase classname="com.acttime.testscript.CustomerModule" name="testClass" time="12.178"/>
  <system-out>
    <![CDATA[Customer module]]>
  </system-out>
</testsuite> <!-- com.acttime.testscript.CustomerModule -->
